0 info it worked if it ends with ok
1 verbose cli [ '/usr/local/Cellar/node/7.2.1/bin/node',
1 verbose cli   '/usr/local/bin/npm',
1 verbose cli   'run',
1 verbose cli   'shell' ]
2 info using npm@3.10.9
3 info using node@v7.2.1
4 verbose run-script [ 'preshell', 'shell', 'postshell' ]
5 info lifecycle react-sinatra@0.1.0~preshell: react-sinatra@0.1.0
6 silly lifecycle react-sinatra@0.1.0~preshell: no script for preshell, continuing
7 info lifecycle react-sinatra@0.1.0~shell: react-sinatra@0.1.0
8 verbose lifecycle react-sinatra@0.1.0~shell: unsafe-perm in lifecycle true
9 verbose lifecycle react-sinatra@0.1.0~shell: PATH: /usr/local/lib/node_modules/npm/bin/node-gyp-bin:/Users/josh/code/api-mashup/experiments/react-sinatra-example/node_modules/.bin:/usr/local/Cellar/node/7.2.1/bin:/Users/josh/.gem/ruby/2.3.1/bin:/Users/josh/.rubies/ruby-2.3.1/lib/ruby/gems/2.3.0/bin:/Users/josh/.rubies/ruby-2.3.1/bin:/Users/josh/code/dotfiles/bin:/Users/josh/bin:/usr/local/bin:/usr/local/sbin:/usr/bin:/bin:/usr/sbin:/sbin:/usr/local/bin:/opt/X11/bin:/Library/Frameworks/Mono.framework/Versions/Current/Commands:/Library/TeX/texbin:/Users/josh/.cabal/bin:/Users/josh/anaconda3/bin:/Users/josh/golang/bin
10 verbose lifecycle react-sinatra@0.1.0~shell: CWD: /Users/josh/code/api-mashup/experiments/react-sinatra-example
11 silly lifecycle react-sinatra@0.1.0~shell: Args: [ '-c', 'bash -l' ]
12 silly lifecycle react-sinatra@0.1.0~shell: Returned: code: 1  signal: null
13 info lifecycle react-sinatra@0.1.0~shell: Failed to exec shell script
14 verbose stack Error: react-sinatra@0.1.0 shell: `bash -l`
14 verbose stack Exit status 1
14 verbose stack     at EventEmitter.<anonymous> (/usr/local/lib/node_modules/npm/lib/utils/lifecycle.js:255:16)
14 verbose stack     at emitTwo (events.js:106:13)
14 verbose stack     at EventEmitter.emit (events.js:191:7)
14 verbose stack     at ChildProcess.<anonymous> (/usr/local/lib/node_modules/npm/lib/utils/spawn.js:40:14)
14 verbose stack     at emitTwo (events.js:106:13)
14 verbose stack     at ChildProcess.emit (events.js:191:7)
14 verbose stack     at maybeClose (internal/child_process.js:885:16)
14 verbose stack     at Process.ChildProcess._handle.onexit (internal/child_process.js:226:5)
15 verbose pkgid react-sinatra@0.1.0
16 verbose cwd /Users/josh/code/api-mashup/experiments/react-sinatra-example
17 error Darwin 15.6.0
18 error argv "/usr/local/Cellar/node/7.2.1/bin/node" "/usr/local/bin/npm" "run" "shell"
19 error node v7.2.1
20 error npm  v3.10.9
21 error code ELIFECYCLE
22 error react-sinatra@0.1.0 shell: `bash -l`
22 error Exit status 1
23 error Failed at the react-sinatra@0.1.0 shell script 'bash -l'.
23 error Make sure you have the latest version of node.js and npm installed.
23 error If you do, this is most likely a problem with the react-sinatra package,
23 error not with npm itself.
23 error Tell the author that this fails on your system:
23 error     bash -l
23 error You can get information on how to open an issue for this project with:
23 error     npm bugs react-sinatra
23 error Or if that isn't available, you can get their info via:
23 error     npm owner ls react-sinatra
23 error There is likely additional logging output above.
24 verbose exit [ 1, true ]
